<?xml version="1.0" encoding="UTF-8"?>
<coverage generated="1773391089701" clover="3.2.0">
  <project timestamp="1773391089701" name="All files">
    <metrics statements="12" coveredstatements="12" conditionals="18" coveredconditionals="18" methods="1" coveredmethods="1" elements="31" coveredelements="31" complexity="0" loc="12" ncloc="12" packages="2" files="4" classes="4"/>
    <package name="assets">
      <metrics statements="0" coveredstatements="0" conditionals="0" coveredconditionals="0" methods="0" coveredmethods="0"/>
      <file name="hero.png" path="/Users/wyj/fe-engineer/src/assets/hero.png">
        <metrics statements="0" coveredstatements="0" conditionals="0" coveredconditionals="0" methods="0" coveredmethods="0"/>
      </file>
      <file name="vite.svg" path="/Users/wyj/fe-engineer/src/assets/vite.svg">
        <metrics statements="0" coveredstatements="0" conditionals="0" coveredconditionals="0" methods="0" coveredmethods="0"/>
      </file>
      <file name="vue.svg" path="/Users/wyj/fe-engineer/src/assets/vue.svg">
        <metrics statements="0" coveredstatements="0" conditionals="0" coveredconditionals="0" methods="0" coveredmethods="0"/>
      </file>
    </package>
    <package name="components">
      <metrics statements="12" coveredstatements="12" conditionals="18" coveredconditionals="18" methods="1" coveredmethods="1"/>
      <file name="HelloWorld.vue" path="/Users/wyj/fe-engineer/src/components/HelloWorld.vue">
        <metrics statements="12" coveredstatements="12" conditionals="18" coveredconditionals="18" methods="1" coveredmethods="1"/>
        <line num="7" count="2" type="stmt"/>
        <line num="11" count="1" type="stmt"/>
        <line num="12" count="1" type="stmt"/>
        <line num="21" count="1" type="cond" truecount="2" falsecount="0"/>
        <line num="26" count="1" type="stmt"/>
        <line num="27" count="1" type="stmt"/>
        <line num="29" count="1" type="stmt"/>
        <line num="50" count="1" type="stmt"/>
        <line num="58" count="1" type="stmt"/>
        <line num="66" count="1" type="stmt"/>
        <line num="74" count="1" type="stmt"/>
        <line num="82" count="1" type="stmt"/>
      </file>
    </package>
  </project>
</coverage>
