{"/Users/wyj/fe-engineer/src/assets/hero.png": {"path":"/Users/wyj/fe-engineer/src/assets/hero.png","statementMap":{},"fnMap":{},"branchMap":{},"s":{},"f":{},"b":{},"meta":{"lastBranch":0,"lastFunction":0,"lastStatement":0,"seen":{}}}
,"/Users/wyj/fe-engineer/src/assets/vite.svg": {"path":"/Users/wyj/fe-engineer/src/assets/vite.svg","statementMap":{},"fnMap":{},"branchMap":{},"s":{},"f":{},"b":{},"meta":{"lastBranch":0,"lastFunction":0,"lastStatement":0,"seen":{}}}
,"/Users/wyj/fe-engineer/src/assets/vue.svg": {"path":"/Users/wyj/fe-engineer/src/assets/vue.svg","statementMap":{},"fnMap":{},"branchMap":{},"s":{},"f":{},"b":{},"meta":{"lastBranch":0,"lastFunction":0,"lastStatement":0,"seen":{}}}
,"/Users/wyj/fe-engineer/src/components/HelloWorld.vue": {"path":"/Users/wyj/fe-engineer/src/components/HelloWorld.vue","statementMap":{"0":{"start":{"line":7,"column":6},"end":{"line":7,"column":19}},"1":{"start":{"line":29,"column":13},"end":{"line":29,"column":49}},"2":{"start":{"line":50,"column":13},"end":{"line":50,"column":42}},"3":{"start":{"line":58,"column":19},"end":{"line":58,"column":48}},"4":{"start":{"line":66,"column":19},"end":{"line":66,"column":49}},"5":{"start":{"line":74,"column":19},"end":{"line":74,"column":43}},"6":{"start":{"line":82,"column":19},"end":{"line":82,"column":49}},"7":{"start":{"line":11,"column":11},"end":{"line":11,"column":22}},"8":{"start":{"line":12,"column":9},"end":{"line":12,"column":21}},"9":{"start":{"line":26,"column":11},"end":{"line":26,"column":26}},"10":{"start":{"line":27,"column":9},"end":{"line":27,"column":18}},"11":{"start":{"line":21,"column":36},"end":{"line":21,"column":45}}},"fnMap":{"0":{"name":"(anonymous_0)","decl":{"start":{"line":21,"column":34},"end":{"line":21,"column":36}},"loc":{"start":{"line":21,"column":36},"end":{"line":21,"column":45}},"line":21}},"branchMap":{"0":{"loc":{"start":{"line":17,"column":4},"end":{"line":19,"column":72}},"type":"binary-expr","locations":[{"start":{"line":17,"column":4},"end":{"line":17,"column":null}},{"start":{"line":17,"column":4},"end":{"line":19,"column":72}}],"line":17},"1":{"loc":{"start":{"line":21,"column":34},"end":{"line":21,"column":45}},"type":"binary-expr","locations":[{"start":{"line":21,"column":34},"end":{"line":21,"column":36}},{"start":{"line":21,"column":34},"end":{"line":21,"column":45}}],"line":21},"2":{"loc":{"start":{"line":24,"column":2},"end":{"line":24,"column":27}},"type":"binary-expr","locations":[{"start":{"line":24,"column":2},"end":{"line":24,"column":7}},{"start":{"line":24,"column":2},"end":{"line":24,"column":27}}],"line":24},"3":{"loc":{"start":{"line":28,"column":6},"end":{"line":29,"column":56}},"type":"binary-expr","locations":[{"start":{"line":28,"column":6},"end":{"line":28,"column":11}},{"start":{"line":28,"column":6},"end":{"line":29,"column":56}}],"line":28},"4":{"loc":{"start":{"line":31,"column":6},"end":{"line":31,"column":28}},"type":"binary-expr","locations":[{"start":{"line":31,"column":6},"end":{"line":31,"column":10}},{"start":{"line":31,"column":6},"end":{"line":31,"column":28}}],"line":31},"5":{"loc":{"start":{"line":32,"column":6},"end":{"line":32,"column":37}},"type":"binary-expr","locations":[{"start":{"line":32,"column":6},"end":{"line":32,"column":9}},{"start":{"line":32,"column":6},"end":{"line":32,"column":37}}],"line":32},"6":{"loc":{"start":{"line":48,"column":4},"end":{"line":85,"column":14}},"type":"binary-expr","locations":[{"start":{"line":48,"column":4},"end":{"line":48,"column":9}},{"start":{"line":48,"column":4},"end":{"line":85,"column":14}}],"line":48},"7":{"loc":{"start":{"line":91,"column":2},"end":{"line":91,"column":27}},"type":"binary-expr","locations":[{"start":{"line":91,"column":2},"end":{"line":91,"column":7}},{"start":{"line":91,"column":2},"end":{"line":91,"column":27}}],"line":91},"8":{"loc":{"start":{"line":92,"column":2},"end":{"line":92,"column":33}},"type":"binary-expr","locations":[{"start":{"line":92,"column":2},"end":{"line":92,"column":11}},{"start":{"line":92,"column":2},"end":{"line":92,"column":33}}],"line":92}},"s":{"0":2,"1":1,"2":1,"3":1,"4":1,"5":1,"6":1,"7":1,"8":1,"9":1,"10":1,"11":1},"f":{"0":1},"b":{"0":[3,2],"1":[3,2],"2":[3,2],"3":[3,2],"4":[3,2],"5":[3,2],"6":[3,2],"7":[3,2],"8":[3,2]},"meta":{"lastBranch":9,"lastFunction":1,"lastStatement":12,"seen":{"s:7:6:7:19":0,"s:29:13:29:49":1,"s:50:13:50:42":2,"s:58:19:58:48":3,"s:66:19:66:49":4,"s:74:19:74:43":5,"s:82:19:82:49":6,"s:11:11:11:22":7,"s:12:9:12:21":8,"s:26:11:26:26":9,"s:27:9:27:18":10,"b:17:4:17:Infinity:17:4:19:72":0,"b:21:34:21:36:21:34:21:45":1,"f:21:34:21:36":0,"s:21:36:21:45":11,"b:24:2:24:7:24:2:24:27":2,"b:28:6:28:11:28:6:29:56":3,"b:31:6:31:10:31:6:31:28":4,"b:32:6:32:9:32:6:32:37":5,"b:48:4:48:9:48:4:85:14":6,"b:91:2:91:7:91:2:91:27":7,"b:92:2:92:11:92:2:92:33":8}}}
}
